app/build/intermediates/manifest_merge_blame_file/release/manifest-merger-blame-release-report.txt
1<?xml version="1.0" encoding="utf-8"?>
2<manifest xmlns:android="http://schemas.android.com/apk/res/android"
3    package="ru.qbitmobile.qbitstation"
4    android:versionCode="4"
5    android:versionName="1.1.0" >
6
7    <uses-sdk
8        android:minSdkVersion="19"
8-->src/main/AndroidManifest.xml
9        android:targetSdkVersion="29" />
9-->src/main/AndroidManifest.xml
10
11    <uses-permission android:name="android.permission.INTERNET" />
11-->src/main/AndroidManifest.xml:6:5-67
11-->src/main/AndroidManifest.xml:6:22-64
12    <uses-permission android:name="android.permission.FOREGROUND_SERVICE" />
12-->src/main/AndroidManifest.xml:7:5-77
12-->src/main/AndroidManifest.xml:7:22-74
13
14    <permission android:name="android.permission.MEDIA_CONTENT_CONTROL" />
14-->src/main/AndroidManifest.xml:9:5-75
14-->src/main/AndroidManifest.xml:9:17-72
15
16    <uses-permission android:name="android.permission.ACCESS_NETWORK_STATE" />
16-->[com.yandex.android:mobmetricalib:3.8.0] AndroidManifest.xml:21:5-79
16-->[com.yandex.android:mobmetricalib:3.8.0] AndroidManifest.xml:21:22-76
17    <uses-permission android:name="com.google.android.finsky.permission.BIND_GET_INSTALL_REFERRER_SERVICE" />
17-->[com.android.installreferrer:installreferrer:1.1.1] AndroidManifest.xml:5:5-110
17-->[com.android.installreferrer:installreferrer:1.1.1] AndroidManifest.xml:5:22-107
18    <uses-permission android:name="android.permission.WRITE_EXTERNAL_STORAGE" />
19    <uses-permission android:name="android.permission.READ_PHONE_STATE" />
20    <uses-permission android:name="android.permission.READ_EXTERNAL_STORAGE" />
21    <uses-permission android:name="android.permission.WAKE_LOCK" /> <!-- Required by older versions of Google Play services to create IID tokens -->
21-->[com.google.android.gms:play-services-measurement:17.2.2] AndroidManifest.xml:25:5-68
21-->[com.google.android.gms:play-services-measurement:17.2.2] AndroidManifest.xml:25:22-65
22    <uses-permission android:name="com.google.android.c2dm.permission.RECEIVE" />
22-->[com.google.firebase:firebase-iid:20.0.2] AndroidManifest.xml:26:5-82
22-->[com.google.firebase:firebase-iid:20.0.2] AndroidManifest.xml:26:22-79
23
24    <application
24-->src/main/AndroidManifest.xml:11:5-52:19
25        android:name="ru.qbitmobile.qbitstation.helper.QbitStationApplication"
25-->src/main/AndroidManifest.xml:12:9-54
26        android:allowBackup="true"
26-->src/main/AndroidManifest.xml:13:9-35
27        android:appComponentFactory="androidx.core.app.CoreComponentFactory"
27-->[androidx.core:core:1.1.0] AndroidManifest.xml:24:18-86
28        android:fullBackupContent="false"
28-->src/main/AndroidManifest.xml:21:9-42
29        android:hardwareAccelerated="false"
29-->src/main/AndroidManifest.xml:19:9-44
30        android:icon="@mipmap/ic_launcher"
30-->src/main/AndroidManifest.xml:14:9-43
31        android:label="@string/app_name"
31-->src/main/AndroidManifest.xml:15:9-41
32        android:largeHeap="true"
32-->src/main/AndroidManifest.xml:18:9-33
33        android:roundIcon="@mipmap/ic_launcher_round"
33-->src/main/AndroidManifest.xml:16:9-54
34        android:supportsRtl="true"
34-->src/main/AndroidManifest.xml:17:9-35
35        android:theme="@style/AppTheme"
35-->src/main/AndroidManifest.xml:20:9-40
36        android:usesCleartextTraffic="true" >
36-->src/main/AndroidManifest.xml:22:9-44
37        <service
37-->src/main/AndroidManifest.xml:25:9-32:19
38            android:name="ru.qbitmobile.qbitstation.service.PlayerService"
38-->src/main/AndroidManifest.xml:26:13-50
39            android:exported="false" >
39-->src/main/AndroidManifest.xml:27:13-37
40            <intent-filter>
40-->src/main/AndroidManifest.xml:29:13-31:29
41                <action android:name="android.intent.action.MEDIA_BUTTON" />
41-->src/main/AndroidManifest.xml:30:17-77
41-->src/main/AndroidManifest.xml:30:25-74
42            </intent-filter>
43        </service>
44
45        <receiver android:name="androidx.media.session.MediaButtonReceiver" >
45-->src/main/AndroidManifest.xml:35:9-39:20
45-->src/main/AndroidManifest.xml:35:19-76
46            <intent-filter>
46-->src/main/AndroidManifest.xml:29:13-31:29
47                <action android:name="android.intent.action.MEDIA_BUTTON" />
47-->src/main/AndroidManifest.xml:30:17-77
47-->src/main/AndroidManifest.xml:30:25-74
48            </intent-filter>
49        </receiver>
50
51        <activity android:name="ru.qbitmobile.qbitstation.activity.MainActivity" >
51-->src/main/AndroidManifest.xml:41:9-47:20
51-->src/main/AndroidManifest.xml:41:19-56
52            <intent-filter>
52-->src/main/AndroidManifest.xml:42:13-46:29
53                <action android:name="android.intent.action.MAIN" />
53-->src/main/AndroidManifest.xml:43:17-69
53-->src/main/AndroidManifest.xml:43:25-66
54
55                <category android:name="android.intent.category.LAUNCHER" />
55-->src/main/AndroidManifest.xml:45:17-77
55-->src/main/AndroidManifest.xml:45:27-74
56            </intent-filter>
57        </activity>
58
59        <meta-data
59-->src/main/AndroidManifest.xml:49:9-51:57
60            android:name="preloaded_fonts"
60-->src/main/AndroidManifest.xml:50:13-43
61            android:resource="@array/preloaded_fonts" />
61-->src/main/AndroidManifest.xml:51:13-54
62        <!-- Yandex Mobile Metrica Analytics: common service -->
63        <service
63-->[com.yandex.android:mobmetricalib:3.8.0] AndroidManifest.xml:26:9-43:19
64            android:name="com.yandex.metrica.MetricaService"
64-->[com.yandex.android:mobmetricalib:3.8.0] AndroidManifest.xml:27:13-61
65            android:enabled="true"
65-->[com.yandex.android:mobmetricalib:3.8.0] AndroidManifest.xml:28:13-35
66            android:exported="true"
66-->[com.yandex.android:mobmetricalib:3.8.0] AndroidManifest.xml:29:13-36
67            android:process=":Metrica" >
67-->[com.yandex.android:mobmetricalib:3.8.0] AndroidManifest.xml:30:13-39
68            <intent-filter>
68-->[com.yandex.android:mobmetricalib:3.8.0] AndroidManifest.xml:32:13-38:29
69                <category android:name="android.intent.category.DEFAULT" />
69-->[com.yandex.android:mobmetricalib:3.8.0] AndroidManifest.xml:33:17-76
69-->[com.yandex.android:mobmetricalib:3.8.0] AndroidManifest.xml:33:27-73
70
71                <action android:name="com.yandex.metrica.IMetricaService" />
71-->[com.yandex.android:mobmetricalib:3.8.0] AndroidManifest.xml:35:17-77
71-->[com.yandex.android:mobmetricalib:3.8.0] AndroidManifest.xml:35:25-74
72
73                <data android:scheme="metrica" />
73-->[com.yandex.android:mobmetricalib:3.8.0] AndroidManifest.xml:37:17-50
73-->[com.yandex.android:mobmetricalib:3.8.0] AndroidManifest.xml:37:23-47
74            </intent-filter>
75
76            <meta-data
76-->[com.yandex.android:mobmetricalib:3.8.0] AndroidManifest.xml:40:13-42:38
77                android:name="metrica:api:level"
77-->[com.yandex.android:mobmetricalib:3.8.0] AndroidManifest.xml:41:17-49
78                android:value="85" />
78-->[com.yandex.android:mobmetricalib:3.8.0] AndroidManifest.xml:42:17-35
79        </service>
80        <service
80-->[com.yandex.android:mobmetricalib:3.8.0] AndroidManifest.xml:44:9-60:19
81            android:name="com.yandex.metrica.ConfigurationService"
81-->[com.yandex.android:mobmetricalib:3.8.0] AndroidManifest.xml:45:13-67
82            android:enabled="true"
82-->[com.yandex.android:mobmetricalib:3.8.0] AndroidManifest.xml:46:13-35
83            android:exported="false"
83-->[com.yandex.android:mobmetricalib:3.8.0] AndroidManifest.xml:47:13-37
84            android:process=":Metrica" >
84-->[com.yandex.android:mobmetricalib:3.8.0] AndroidManifest.xml:48:13-39
85            <meta-data
85-->[com.yandex.android:mobmetricalib:3.8.0] AndroidManifest.xml:50:13-52:37
86                android:name="metrica:configuration:api:level"
86-->[com.yandex.android:mobmetricalib:3.8.0] AndroidManifest.xml:51:17-63
87                android:value="3" />
87-->[com.yandex.android:mobmetricalib:3.8.0] AndroidManifest.xml:52:17-34
88
89            <intent-filter>
89-->[com.yandex.android:mobmetricalib:3.8.0] AndroidManifest.xml:54:13-59:29
90
91                <!-- This action was used by old background location collecting and should not be used again -->
92                <!-- <action android:name="com.yandex.metrica.configuration.ACTION_START"/> -->
93                <action android:name="com.yandex.metrica.configuration.ACTION_INIT" />
93-->[com.yandex.android:mobmetricalib:3.8.0] AndroidManifest.xml:58:17-87
93-->[com.yandex.android:mobmetricalib:3.8.0] AndroidManifest.xml:58:25-84
94            </intent-filter>
95        </service>
96        <service
96-->[com.yandex.android:mobmetricalib:3.8.0] AndroidManifest.xml:61:9-67:19
97            android:name="com.yandex.metrica.ConfigurationJobService"
97-->[com.yandex.android:mobmetricalib:3.8.0] AndroidManifest.xml:62:13-70
98            android:enabled="true"
98-->[com.yandex.android:mobmetricalib:3.8.0] AndroidManifest.xml:63:13-35
99            android:exported="false"
99-->[com.yandex.android:mobmetricalib:3.8.0] AndroidManifest.xml:64:13-37
100            android:permission="android.permission.BIND_JOB_SERVICE"
100-->[com.yandex.android:mobmetricalib:3.8.0] AndroidManifest.xml:65:13-69
101            android:process=":Metrica" >
101-->[com.yandex.android:mobmetricalib:3.8.0] AndroidManifest.xml:66:13-39
102        </service> <!-- Yandex Mobile Metrica Analytics: main receiver -->
103        <receiver
103-->[com.yandex.android:mobmetricalib:3.8.0] AndroidManifest.xml:70:9-78:20
104            android:name="com.yandex.metrica.MetricaEventHandler"
104-->[com.yandex.android:mobmetricalib:3.8.0] AndroidManifest.xml:71:13-66
105            android:enabled="true"
105-->[com.yandex.android:mobmetricalib:3.8.0] AndroidManifest.xml:72:13-35
106            android:exported="true" >
106-->[com.yandex.android:mobmetricalib:3.8.0] AndroidManifest.xml:73:13-36
107            <intent-filter>
107-->[com.yandex.android:mobmetricalib:3.8.0] AndroidManifest.xml:75:13-77:29
108                <action android:name="com.android.vending.INSTALL_REFERRER" />
108-->[com.yandex.android:mobmetricalib:3.8.0] AndroidManifest.xml:76:17-79
108-->[com.yandex.android:mobmetricalib:3.8.0] AndroidManifest.xml:76:25-76
109            </intent-filter>
110        </receiver>
111        <receiver
111-->[com.yandex.android:mobmetricalib:3.8.0] AndroidManifest.xml:79:9-88:20
112            android:name="com.yandex.metrica.ConfigurationServiceReceiver"
112-->[com.yandex.android:mobmetricalib:3.8.0] AndroidManifest.xml:80:13-75
113            android:enabled="true"
113-->[com.yandex.android:mobmetricalib:3.8.0] AndroidManifest.xml:81:13-35
114            android:exported="true"
114-->[com.yandex.android:mobmetricalib:3.8.0] AndroidManifest.xml:82:13-36
115            android:process=":Metrica" >
115-->[com.yandex.android:mobmetricalib:3.8.0] AndroidManifest.xml:83:13-39
116            <intent-filter>
116-->[com.yandex.android:mobmetricalib:3.8.0] AndroidManifest.xml:85:13-87:29
117                <action android:name="com.yandex.metrica.configuration.service.PLC" />
117-->[com.yandex.android:mobmetricalib:3.8.0] AndroidManifest.xml:86:17-87
117-->[com.yandex.android:mobmetricalib:3.8.0] AndroidManifest.xml:86:25-84
118            </intent-filter>
119        </receiver>
120        <receiver
120-->[com.google.android.gms:play-services-measurement:17.2.2] AndroidManifest.xml:29:9-33:20
121            android:name="com.google.android.gms.measurement.AppMeasurementReceiver"
121-->[com.google.android.gms:play-services-measurement:17.2.2] AndroidManifest.xml:30:13-85
122            android:enabled="true"
122-->[com.google.android.gms:play-services-measurement:17.2.2] AndroidManifest.xml:31:13-35
123            android:exported="false" >
123-->[com.google.android.gms:play-services-measurement:17.2.2] AndroidManifest.xml:32:13-37
124        </receiver>
125        <receiver
125-->[com.google.android.gms:play-services-measurement:17.2.2] AndroidManifest.xml:34:9-42:20
126            android:name="com.google.android.gms.measurement.AppMeasurementInstallReferrerReceiver"
126-->[com.google.android.gms:play-services-measurement:17.2.2] AndroidManifest.xml:35:13-100
127            android:enabled="true"
127-->[com.google.android.gms:play-services-measurement:17.2.2] AndroidManifest.xml:36:13-35
128            android:exported="true"
128-->[com.google.android.gms:play-services-measurement:17.2.2] AndroidManifest.xml:37:13-36
129            android:permission="android.permission.INSTALL_PACKAGES" >
129-->[com.google.android.gms:play-services-measurement:17.2.2] AndroidManifest.xml:38:13-69
130            <intent-filter>
130-->[com.yandex.android:mobmetricalib:3.8.0] AndroidManifest.xml:75:13-77:29
131                <action android:name="com.android.vending.INSTALL_REFERRER" />
131-->[com.yandex.android:mobmetricalib:3.8.0] AndroidManifest.xml:76:17-79
131-->[com.yandex.android:mobmetricalib:3.8.0] AndroidManifest.xml:76:25-76
132            </intent-filter>
133        </receiver>
134
135        <service
135-->[com.google.android.gms:play-services-measurement:17.2.2] AndroidManifest.xml:44:9-47:40
136            android:name="com.google.android.gms.measurement.AppMeasurementService"
136-->[com.google.android.gms:play-services-measurement:17.2.2] AndroidManifest.xml:45:13-84
137            android:enabled="true"
137-->[com.google.android.gms:play-services-measurement:17.2.2] AndroidManifest.xml:46:13-35
138            android:exported="false" />
138-->[com.google.android.gms:play-services-measurement:17.2.2] AndroidManifest.xml:47:13-37
139        <service
139-->[com.google.android.gms:play-services-measurement:17.2.2] AndroidManifest.xml:48:9-52:72
140            android:name="com.google.android.gms.measurement.AppMeasurementJobService"
140-->[com.google.android.gms:play-services-measurement:17.2.2] AndroidManifest.xml:49:13-87
141            android:enabled="true"
141-->[com.google.android.gms:play-services-measurement:17.2.2] AndroidManifest.xml:50:13-35
142            android:exported="false"
142-->[com.google.android.gms:play-services-measurement:17.2.2] AndroidManifest.xml:51:13-37
143            android:permission="android.permission.BIND_JOB_SERVICE" />
143-->[com.google.android.gms:play-services-measurement:17.2.2] AndroidManifest.xml:52:13-69
144        <service
144-->[com.google.android.gms:play-services-measurement-api:17.2.2] AndroidManifest.xml:27:9-33:19
145            android:name="com.google.firebase.components.ComponentDiscoveryService"
145-->[com.google.android.gms:play-services-measurement-api:17.2.2] AndroidManifest.xml:28:13-84
146            android:directBootAware="true"
146-->[com.google.firebase:firebase-common:19.3.0] AndroidManifest.xml:34:13-43
147            android:exported="false" >
147-->[com.google.android.gms:play-services-measurement-api:17.2.2] AndroidManifest.xml:29:13-37
148            <meta-data
148-->[com.google.android.gms:play-services-measurement-api:17.2.2] AndroidManifest.xml:30:13-32:85
149                android:name="com.google.firebase.components:com.google.firebase.analytics.connector.internal.AnalyticsConnectorRegistrar"
149-->[com.google.android.gms:play-services-measurement-api:17.2.2] AndroidManifest.xml:31:17-139
150                android:value="com.google.firebase.components.ComponentRegistrar" />
150-->[com.google.android.gms:play-services-measurement-api:17.2.2] AndroidManifest.xml:32:17-82
151            <meta-data
151-->[com.google.firebase:firebase-iid:20.0.2] AndroidManifest.xml:32:13-34:85
152                android:name="com.google.firebase.components:com.google.firebase.iid.Registrar"
152-->[com.google.firebase:firebase-iid:20.0.2] AndroidManifest.xml:33:17-96
153                android:value="com.google.firebase.components.ComponentRegistrar" />
153-->[com.google.firebase:firebase-iid:20.0.2] AndroidManifest.xml:34:17-82
154        </service>
155
156        <receiver
156-->[com.google.firebase:firebase-iid:20.0.2] AndroidManifest.xml:37:9-44:20
157            android:name="com.google.firebase.iid.FirebaseInstanceIdReceiver"
157-->[com.google.firebase:firebase-iid:20.0.2] AndroidManifest.xml:38:13-78
158            android:exported="true"
158-->[com.google.firebase:firebase-iid:20.0.2] AndroidManifest.xml:39:13-36
159            android:permission="com.google.android.c2dm.permission.SEND" >
159-->[com.google.firebase:firebase-iid:20.0.2] AndroidManifest.xml:40:13-73
160            <intent-filter>
160-->[com.google.firebase:firebase-iid:20.0.2] AndroidManifest.xml:41:13-43:29
161                <action android:name="com.google.android.c2dm.intent.RECEIVE" />
161-->[com.google.firebase:firebase-iid:20.0.2] AndroidManifest.xml:42:17-81
161-->[com.google.firebase:firebase-iid:20.0.2] AndroidManifest.xml:42:25-78
162            </intent-filter>
163        </receiver>
164
165        <provider
165-->[com.google.firebase:firebase-common:19.3.0] AndroidManifest.xml:26:9-30:39
166            android:name="com.google.firebase.provider.FirebaseInitProvider"
166-->[com.google.firebase:firebase-common:19.3.0] AndroidManifest.xml:27:13-77
167            android:authorities="ru.qbitmobile.qbitstation.firebaseinitprovider"
167-->[com.google.firebase:firebase-common:19.3.0] AndroidManifest.xml:28:13-72
168            android:exported="false"
168-->[com.google.firebase:firebase-common:19.3.0] AndroidManifest.xml:29:13-37
169            android:initOrder="100" />
169-->[com.google.firebase:firebase-common:19.3.0] AndroidManifest.xml:30:13-36
170
171        <activity
171-->[com.google.android.gms:play-services-base:17.0.0] AndroidManifest.xml:23:9-26:75
172            android:name="com.google.android.gms.common.api.GoogleApiActivity"
172-->[com.google.android.gms:play-services-base:17.0.0] AndroidManifest.xml:24:13-79
173            android:exported="false"
173-->[com.google.android.gms:play-services-base:17.0.0] AndroidManifest.xml:25:13-37
174            android:theme="@android:style/Theme.Translucent.NoTitleBar" />
174-->[com.google.android.gms:play-services-base:17.0.0] AndroidManifest.xml:26:13-72
175
176        <meta-data
176-->[com.google.android.gms:play-services-basement:17.0.0] AndroidManifest.xml:23:9-25:69
177            android:name="com.google.android.gms.version"
177-->[com.google.android.gms:play-services-basement:17.0.0] AndroidManifest.xml:24:13-58
178            android:value="@integer/google_play_services_version" />
178-->[com.google.android.gms:play-services-basement:17.0.0] AndroidManifest.xml:25:13-66
179    </application>
180
181</manifest>